Removed Pin From Net: NetName=GND Pin=C58-1
Removed Pin From Net: NetName=+3V3 Pin=C58-2
Removed Pin From Net: NetName=GND Pin=C59-1
Removed Pin From Net: NetName=+3V3 Pin=C59-2
Removed Pin From Net: NetName=GND Pin=C60-2
Removed Pin From Net: NetName=GND Pin=C61-2
Removed Pin From Net: NetName=+3V3 Pin=R21-2
Removed Pin From Net: NetName=+3V3 Pin=R22-2
Removed Pin From Net: NetName=GND Pin=U11-2
Removed Pin From Net: NetName=+3V3 Pin=U11-3
Removed Pin From Net: NetName=GND Pin=U11-6
Removed Pin From Net: NetName=GND Pin=U11-10
Removed Pin From Net: NetName=NetR20_1 Pin=U11-17
Removed Pin From Net: NetName=GND Pin=U11-25
Removed Pin From Net: NetName=+3V3 Pin=U11-28
Removed Member From Class: ClassName=IMU_Sensor Member=C58
Removed Member From Class: ClassName=IMU_Sensor Member=C59
Removed Member From Class: ClassName=IMU_Sensor Member=C60
Removed Member From Class: ClassName=IMU_Sensor Member=C61
Removed Member From Class: ClassName=IMU_Sensor Member=R21
Removed Member From Class: ClassName=IMU_Sensor Member=R22
Removed Member From Class: ClassName=IMU_Sensor Member=Y3
Change Component Footprint: Designator=U11 Old Footprint=BNO085 New Footprint=AS5048B-HTSP-500
Change Component Footprint: Designator=R17 Old Footprint=RES 0402_1005 New Footprint=YAGEO RES 0402_1005
Change Component Comment : Designator=R17 Old Comment=10 kOhms New Comment=2.2 kOhms
Change Component Comment : Designator=U11 Old Comment=BNO085 New Comment=AS5048B-HTSP-500
Change component parameters: Designator = "R17" ("R17"); Footprint = "RES 0402_1005"; UniqueID = "\TGWNYSPJ" ("\TGWNYSPJ")
Change component parameters (AddParameter): Name = "ComponentLink1Description"; Value = "Datasheet"; VariantName = "[No Variations]"
Change component parameters (AddParameter): Name = "ComponentLink1URL"; Value = "https://www.yageo.com/upload/media/product/productsearch/datasheet/rchip/PYu-RC_Group_51_RoHS_L_10.pdf"; VariantName = "[No Variations]"
Change component parameters (AddParameter): Name = "ComponentLink2Description"; Value = "DigiKey Link"; VariantName = "[No Variations]"
Change component parameters (AddParameter): Name = "ComponentLink2URL"; Value = "https://www.digikey.com/en/products/detail/yageo/RC0402FR-072K2L/726553"; VariantName = "[No Variations]"
Change component parameters (AddParameter): Name = "Composition"; Value = "Thick Film"; VariantName = "[No Variations]"
Change component parameters (AddParameter): Name = "Device Package"; Value = "0402 (1005 Metric)"; VariantName = "[No Variations]"
Change component parameters (AddParameter): Name = "Features"; Value = "Moisture Resistant"; VariantName = "[No Variations]"
Change component parameters (AddParameter): Name = "Height - Seated (Max)"; Value = "0.016" (0.40mm)"; VariantName = "[No Variations]"
Change component parameters (AddParameter): Name = "LastUpdated"; Value = "25.07.2024 09:18:11"; VariantName = "[No Variations]"
Change component parameters (AddParameter): Name = "Lifecycle Status"; Value = "Active"; VariantName = "[No Variations]"
Change component parameters (AddParameter): Name = "Manufacturer"; Value = "Yageo"; VariantName = "[No Variations]"
Change component parameters (AddParameter): Name = "Minimum Order"; Value = "1"; VariantName = "[No Variations]"
Change component parameters (AddParameter): Name = "Number of Terminations"; Value = "2"; VariantName = "[No Variations]"
Change component parameters (AddParameter): Name = "Operating Temperature"; Value = "-55°C ~ 155°C"; VariantName = "[No Variations]"
Change component parameters (AddParameter): Name = "Package / Case"; Value = "0402 (1005 Metric)"; VariantName = "[No Variations]"
Change component parameters (AddParameter): Name = "Packaging"; Value = "CutTape"; VariantName = "[No Variations]"
Change component parameters (AddParameter): Name = "Part Number"; Value = "RC0402FR-072K2L"; VariantName = "[No Variations]"
Change component parameters (AddParameter): Name = "Part Status"; Value = "Active"; VariantName = "[No Variations]"
Change component parameters (AddParameter): Name = "PartId"; Value = "17607"; VariantName = "[No Variations]"
Change component parameters (AddParameter): Name = "Power (Watts)"; Value = "0.063W, 1/16W"; VariantName = "[No Variations]"
Change component parameters (AddParameter): Name = "Price"; Value = "0.01"; VariantName = "[No Variations]"
Change component parameters (AddParameter): Name = "Resistance"; Value = "2.2 kOhms"; VariantName = "[No Variations]"
Change component parameters (AddParameter): Name = "Series"; Value = "RC_L"; VariantName = "[No Variations]"
Change component parameters (AddParameter): Name = "Size / Dimension"; Value = "0.039" L x 0.020" W (1.00mm x 0.50mm)"; VariantName = "[No Variations]"
Change component parameters (AddParameter): Name = "Supplier 1"; Value = "DigiKey"; VariantName = "[No Variations]"
Change component parameters (AddParameter): Name = "Supplier Device Package"; Value = "0402"; VariantName = "[No Variations]"
Change component parameters (AddParameter): Name = "Supplier Part Number 1"; Value = "311-2.20KLRCT-ND"; VariantName = "[No Variations]"
Change component parameters (AddParameter): Name = "Temperature Coefficient"; Value = "±100ppm/°C"; VariantName = "[No Variations]"
Change component parameters (AddParameter): Name = "Tolerance"; Value = "±1%"; VariantName = "[No Variations]"
Change component parameters (AddParameter): Name = "Value"; Value = "2.2 kOhms"; VariantName = "[No Variations]"
Change component parameters: Designator = "U11" ("U11"); Footprint = "BNO085"; UniqueID = "\JDDZTSAN" ("\JDDZTSAN")
Change component parameters (AddParameter): Name = "Actuator Type"; Value = "External Magnet, Not Included"; VariantName = "[No Variations]"
Change component parameters (AddParameter): Name = "ComponentLink1Description"; Value = "Datasheet"; VariantName = "[No Variations]"
Change component parameters (AddParameter): Name = "ComponentLink1URL"; Value = "https://s3.amazonaws.com/snapeda/datasheet/AS5048B-HTSP-500_ams.pdf"; VariantName = "[No Variations]"
Change component parameters (AddParameter): Name = "ComponentLink2Description"; Value = "Digikey Link"; VariantName = "[No Variations]"
Change component parameters (AddParameter): Name = "ComponentLink2URL"; Value = "https://www.digikey.com/en/products/detail/ams-osram-usa-inc/AS5048B-HTSP-500/3188616"; VariantName = "[No Variations]"
Change component parameters (AddParameter): Name = "For Measuring"; Value = "Angle"; VariantName = "[No Variations]"
Change component parameters (AddParameter): Name = "Manufacturer"; Value = "ams-OSRAM USA INC."; VariantName = "[No Variations]"
Change component parameters (AddParameter): Name = "Mounting Type"; Value = "Surface Mount"; VariantName = "[No Variations]"
Change component parameters (AddParameter): Name = "Operating Temperature"; Value = "-40°C ~ 150°C"; VariantName = "[No Variations]"
Change component parameters (AddParameter): Name = "Output"; Value = "I2C, PWM"; VariantName = "[No Variations]"
Change component parameters (AddParameter): Name = "Package / Case"; Value = "14-TSSOP (0.173", 4.40mm Width)"; VariantName = "[No Variations]"
Change component parameters (AddParameter): Name = "Rotation Angle - Electrical, Mechanical"; Value = "0° ~ 360°, Continuous"; VariantName = "[No Variations]"
Change component parameters (AddParameter): Name = "Supplier Device Package"; Value = "14-TSSOP"; VariantName = "[No Variations]"
Change component parameters (AddParameter): Name = "Technology"; Value = "Hall Effect"; VariantName = "[No Variations]"
Change component parameters (AddParameter): Name = "Termination Style"; Value = "Gull Wing"; VariantName = "[No Variations]"
Change component parameters (AddParameter): Name = "Voltage - Supply"; Value = "3V ~ 3.6V, 4.5V ~ 5.5V"; VariantName = "[No Variations]"
Added Component: Designator=C52(CAP 0603_1608)
Add component (AddParameter): Name = "Applications"; Value = "General Purpose"; VariantName = "[No Variations]"
Add component (AddParameter): Name = "Capacitance"; Value = "10 µF"; VariantName = "[No Variations]"
Add component (AddParameter): Name = "componentlink1description"; Value = "Datasheet"; VariantName = "[No Variations]"
Add component (AddParameter): Name = "componentlink1url"; Value = "https://www.yageo.com/upload/media/product/productsearch/datasheet/mlcc/UPY-GPHC_X5R_4V-to-50V_26.pdf"; VariantName = "[No Variations]"
Add component (AddParameter): Name = "componentlink2description"; Value = "DigiKey Link"; VariantName = "[No Variations]"
Add component (AddParameter): Name = "componentlink2url"; Value = "https://www.digikey.com/en/products/detail/yageo/CC0603MRX5R7BB106/5195229"; VariantName = "[No Variations]"
Add component (AddParameter): Name = "Device Package"; Value = "0603 (1608 Metric)"; VariantName = "[No Variations]"
Add component (AddParameter): Name = "lastupdated"; Value = "9.02.2024 20:09:51"; VariantName = "[No Variations]"
Add component (AddParameter): Name = "Lifecycle Status"; Value = "Active"; VariantName = "[No Variations]"
Add component (AddParameter): Name = "manufacturer"; Value = "Yageo"; VariantName = "[No Variations]"
Add component (AddParameter): Name = "Minimum Order"; Value = "1"; VariantName = "[No Variations]"
Add component (AddParameter): Name = "Mounting Type"; Value = "Surface Mount, MLCC"; VariantName = "[No Variations]"
Add component (AddParameter): Name = "Operating Temperature"; Value = "-55°C ~ 85°C"; VariantName = "[No Variations]"
Add component (AddParameter): Name = "Package / Case"; Value = "0603 (1608 Metric)"; VariantName = "[No Variations]"
Add component (AddParameter): Name = "packaging"; Value = "TapeAndReel"; VariantName = "[No Variations]"
Add component (AddParameter): Name = "Part Number"; Value = "CC0603MRX5R7BB106"; VariantName = "[No Variations]"
Add component (AddParameter): Name = "Part Status"; Value = "Active"; VariantName = "[No Variations]"
Add component (AddParameter): Name = "partid"; Value = "41163"; VariantName = "[No Variations]"
Add component (AddParameter): Name = "price"; Value = "0.08"; VariantName = "[No Variations]"
Add component (AddParameter): Name = "series"; Value = "CC"; VariantName = "[No Variations]"
Add component (AddParameter): Name = "Size / Dimension"; Value = "0.063" L x 0.031" W (1.60mm x 0.80mm)"; VariantName = "[No Variations]"
Add component (AddParameter): Name = "Supplier 1"; Value = "DigiKey"; VariantName = "[No Variations]"
Add component (AddParameter): Name = "Supplier Part Number 1"; Value = "311-1822-1-ND"; VariantName = "[No Variations]"
Add component (AddParameter): Name = "Temperature Coefficient"; Value = "X5R"; VariantName = "[No Variations]"
Add component (AddParameter): Name = "Thickness (Max)"; Value = "0.035" (0.90mm)"; VariantName = "[No Variations]"
Add component (AddParameter): Name = "Tolerance"; Value = "±20%"; VariantName = "[No Variations]"
Add component (AddParameter): Name = "value"; Value = "10 µF"; VariantName = "[No Variations]"
Add component (AddParameter): Name = "Voltage - Rated"; Value = "16V"; VariantName = "[No Variations]"
Added Pin To Net: NetName=GND Pin=C52-1
Added Pin To Net: NetName=+3V3 Pin=C52-2
Added Pin To Net: NetName=+3V3 Pin=C62-2
Added Pin To Net: NetName=NetR20_1 Pin=U11-4
Added Pin To Net: NetName=+3V3 Pin=U11-11
Added Pin To Net: NetName=+3V3 Pin=U11-12
Added Pin To Net: NetName=GND Pin=U11-13
Added Pin To Net: NetName=NetR17_1 Pin=R17-1
Added Pin To Net: NetName=NetR17_1 Pin=U11-3
Added Net: Name=NetR17_1
Added Pin To Net: NetName=NetR18_1 Pin=R18-1
Added Pin To Net: NetName=NetR18_1 Pin=U4-95
Added Pin To Net: NetName=NetR18_1 Pin=U11-2
Added Net: Name=NetR18_1
Added Pin To Net: NetName=NetR19_1 Pin=R19-1
Added Pin To Net: NetName=NetR19_1 Pin=U4-96
Added Pin To Net: NetName=NetR19_1 Pin=U11-1
Added Net: Name=NetR19_1
Change Class Name : Old Net Name=IMU_Sensor New Net Name=Angular_Encoder
Added Member To Class: ClassName=Angular_Encoder Member=Component C52 10 µF
